[1706468096] sampled token:   450: ' The'
[1706468097] sampled token:  1967: ' image'
[1706468097] sampled token:  4332: ' capt'
[1706468097] sampled token:  1973: 'ures'
[1706468097] sampled token:   263: ' a'
[1706468097] sampled token:  9560: ' beautiful'
[1706468097] sampled token:  9088: ' scene'
[1706468097] sampled token:   310: ' of'
[1706468097] sampled token:   385: ' an'
[1706468097] sampled token:  4069: ' empty'
[1706468097] sampled token:  6520: ' road'
[1706468098] sampled token:  2645: ' during'
[1706468098] sampled token:  6575: ' sun'
[1706468098] sampled token:   842: 'set'
[1706468098] sampled token: 29892: ','
[1706468098] sampled token:   408: ' as'
[1706468098] sampled token:   278: ' the'
[1706468098] sampled token:  6575: ' sun'
[1706468099] sampled token:   652: ' di'
[1706468099] sampled token:   567: 'ps'
[1706468099] sampled token:  2400: ' below'
[1706468099] sampled token:   278: ' the'
[1706468099] sampled token: 28205: ' horizon'
[1706468099] sampled token:   322: ' and'
[1706468099] sampled token:  4320: ' cast'
[1706468100] sampled token: 29879: 's'
[1706468100] sampled token: 14294: ' warm'
[1706468100] sampled token:  3578: ' light'
[1706468100] sampled token:   373: ' on'
[1706468100] sampled token:   278: ' the'
[1706468101] sampled token:  8388: ' surr'
[1706468102] sampled token:   618: 'ound'
[1706468102] sampled token:   886: 'ings'
[1706468102] sampled token: 29889: '.'
[1706468102] sampled token:   450: ' The'
[1706468102] sampled token:  6520: ' road'
[1706468103] sampled token:  5692: ' appears'
[1706468104] sampled token:   304: ' to'
[1706468104] sampled token:   367: ' be'
[1706468104] sampled token:   297: ' in'
[1706468104] sampled token:   263: ' a'
[1706468105] sampled token: 17692: ' rural'
[1706468105] sampled token:  4038: ' area'
[1706468105] sampled token:   411: ' with'
[1706468105] sampled token: 17455: ' grass'
[1706468105] sampled token: 29891: 'y'
[1706468105] sampled token:  4235: ' fields'
[1706468106] sampled token:   297: ' in'
[1706468106] sampled token:   278: ' the'
[1706468106] sampled token:  3239: ' background'
[1706468106] sampled token: 29892: ','
[1706468106] sampled token:  6820: ' giving'
[1706468106] sampled token:   372: ' it'
[1706468106] sampled token:   263: ' a'
[1706468106] sampled token: 10776: ' peace'
[1706468106] sampled token:  1319: 'ful'
[1706468107] sampled token: 25005: ' atmosphere'
[1706468107] sampled token: 29889: '.'
[1706468107] sampled token:   450: ' The'
[1706468107] sampled token:  6575: ' sun'
[1706468107] sampled token:  4366: 'light'
[1706468107] sampled token:  9432: ' reflect'
[1706468107] sampled token: 29879: 's'
[1706468107] sampled token:  1283: ' off'
[1706468108] sampled token:   278: ' the'
[1706468108] sampled token:  6520: ' road'
[1706468108] sampled token: 29915: '''
[1706468108] sampled token: 29879: 's'
[1706468108] sampled token:  7101: ' surface'
[1706468108] sampled token: 29892: ','
[1706468108] sampled token:   427: ' en'
[1706468109] sampled token:  5403: 'han'
[1706468109] sampled token:  3277: 'cing'
[1706468109] sampled token:   967: ' its'
[1706468109] sampled token:  7604: ' visual'
[1706468109] sampled token: 25530: ' appeal'
[1706468109] sampled token: 29889: '.'
[1706468109] sampled token:    13: '
'
[1706468110] sampled token:    13: '
'
[1706468110] sampled token:   797: 'In'
[1706468110] sampled token:   445: ' this'
[1706468110] sampled token: 14956: ' pictures'
[1706468110] sampled token:   802: 'que'
[1706468110] sampled token:  4444: ' setting'
[1706468110] sampled token: 29892: ','
[1706468110] sampled token:   727: ' there'
[1706468110] sampled token:   526: ' are'
[1706468110] sampled token:  1023: ' two'
[1706468111] sampled token: 17952: ' birds'
[1706468111] sampled token: 22764: ' flying'
[1706468111] sampled token:   297: ' in'
[1706468111] sampled token:   278: ' the'
[1706468111] sampled token:  4799: ' air'
[1706468111] sampled token: 29892: ','
[1706468111] sampled token:  4417: ' adding'
[1706468111] sampled token:  2834: ' life'
[1706468111] sampled token:   322: ' and'
[1706468112] sampled token: 10884: ' motion'
[1706468112] sampled token:   304: ' to'
[1706468112] sampled token:   278: ' the'
[1706468112] sampled token:  1967: ' image'
[1706468112] sampled token: 29889: '.'
[1706468112] sampled token:   319: ' A'
[1706468112] sampled token:   534: ' tr'
[1706468113] sampled token:  2707: 'uck'
[1706468113] sampled token:   508: ' can'
[1706468113] sampled token:   367: ' be'
[1706468113] sampled token:  3595: ' seen'
[1706468113] sampled token: 14089: ' park'
[1706468113] sampled token:   287: 'ed'
[1706468113] sampled token:   470: ' or'
[1706468114] sampled token: 19500: ' driving'
[1706468114] sampled token:  1623: ' down'
[1706468114] sampled token:   278: ' the'
[1706468114] sampled token: 11952: ' street'
[1706468114] sampled token: 29892: ','
[1706468114] sampled token:  6060: ' perhaps'
[1706468114] sampled token:  5622: ' taking'
[1706468114] sampled token:   263: ' a'
[1706468114] sampled token:  2867: ' break'
[1706468115] sampled token:   515: ' from'
[1706468115] sampled token:   385: ' an'
[1706468115] sampled token:  6467: ' otherwise'
[1706468115] sampled token: 11813: ' quiet'
[1706468115] sampled token: 16342: ' journey'
[1706468115] sampled token:   373: ' on'
[1706468115] sampled token:   278: ' the'
[1706468115] sampled token:  4069: ' empty'
[1706468116] sampled token:  6520: ' road'
[1706468116] sampled token: 29889: '.'
[1706468116] sampled token:     2: ''
